Customer/build/outputs/logs/manifest-merger-release-report.txt
-- Merging decision tree log ---
manifest
ADDED from src/main/AndroidManifest.xml:2:1-258:12
	package
		ADDED from src/main/AndroidManifest.xml:4:5-34
		INJECTED from src/main/AndroidManifest.xml
		INJECTED from src/main/AndroidManifest.xml
	android:versionName
		INJECTED from src/main/AndroidManifest.xml
		INJECTED from src/main/AndroidManifest.xml
	xmlns:tools
		ADDED from src/main/AndroidManifest.xml:3:5-51
	xmlns:android
		ADDED from src/main/AndroidManifest.xml:2:11-69
	android:versionCode
		INJECTED from src/main/AndroidManifest.xml
		INJECTED from src/main/AndroidManifest.xml
uses-permission#android.permission.INTERNET
ADDED from src/main/AndroidManifest.xml:6:5-67
MERGED from [com.crashlytics.sdk.android:crashlytics:2.6.4] AndroidManifest.xml:9:5-67
MERGED from [com.crashlytics.sdk.android:beta:1.2.2] AndroidManifest.xml:9:5-67
MERGED from [com.crashlytics.sdk.android:crashlytics-core:2.3.13] AndroidManifest.xml:9:5-67
MERGED from [com.crashlytics.sdk.android:answers:1.3.10] AndroidManifest.xml:9:5-67
MERGED from [io.fabric.sdk.android:fabric:1.3.14] AndroidManifest.xml:25:5-67
MERGED from [com.google.android.gms:play-services-gcm:10.0.1] AndroidManifest.xml:21:5-66
MERGED from [com.google.android.gms:play-services-iid:10.0.1] AndroidManifest.xml:21:5-66
MERGED from [com.google.android.gms:play-services-maps:10.0.1] AndroidManifest.xml:20:5-66
MERGED from [com.braintreepayments.api:drop-in:3.2.1] AndroidManifest.xml:13:5-67
MERGED from [com.braintreepayments.api:braintree:2.10.0] AndroidManifest.xml:12:5-67
MERGED from [com.paypal.android.sdk:paypal-one-touch:2.10.0] AndroidManifest.xml:11:5-67
	android:name
		ADDED from src/main/AndroidManifest.xml:6:22-64
uses-permission#android.permission.ACCESS_NETWORK_STATE
ADDED from src/main/AndroidManifest.xml:7:5-79
MERGED from [com.google.android.gms:play-services-maps:10.0.1] AndroidManifest.xml:19:5-78
MERGED from [com.braintreepayments.api:drop-in:3.2.1] AndroidManifest.xml:12:5-79
MERGED from [com.braintreepayments.api:braintree:2.10.0] AndroidManifest.xml:11:5-79
	android:name
		ADDED from src/main/AndroidManifest.xml:7:22-76
uses-permission#android.permission.WRITE_EXTERNAL_STORAGE
ADDED from src/main/AndroidManifest.xml:8:5-81
	android:name
		ADDED from src/main/AndroidManifest.xml:8:22-78
uses-permission#android.permission.ACCESS_WIFI_STATE
ADDED from src/main/AndroidManifest.xml:9:5-76
	android:name
		ADDED from src/main/AndroidManifest.xml:9:22-73
uses-permission#android.permission.ACCESS_COARSE_LOCATION
ADDED from src/main/AndroidManifest.xml:10:5-81
	android:name
		ADDED from src/main/AndroidManifest.xml:10:22-78
uses-permission#android.permission.ACCESS_FINE_LOCATION
ADDED from src/main/AndroidManifest.xml:11:5-79
	android:name
		ADDED from src/main/AndroidManifest.xml:11:22-76
uses-permission#android.permission.CALL_PHONE
ADDED from src/main/AndroidManifest.xml:12:5-69
	android:name
		ADDED from src/main/AndroidManifest.xml:12:22-66
uses-permission#android.permission.VIBRATE
ADDED from src/main/AndroidManifest.xml:13:5-66
MERGED from [io.card:android-sdk:5.4.0] AndroidManifest.xml:12:5-66
	android:name
		ADDED from src/main/AndroidManifest.xml:13:22-63
uses-permission#android.permission.GET_ACCOUNTS
ADDED from src/main/AndroidManifest.xml:14:5-71
	android:name
		ADDED from src/main/AndroidManifest.xml:14:22-68
uses-permission#android.permission.CAMERA
ADDED from src/main/AndroidManifest.xml:15:5-65
MERGED from [io.card:android-sdk:5.4.0] AndroidManifest.xml:11:5-65
	android:name
		ADDED from src/main/AndroidManifest.xml:15:22-62
uses-permission#android.permission.READ_PHONE_STATE
ADDED from src/main/AndroidManifest.xml:16:5-75
	android:name
		ADDED from src/main/AndroidManifest.xml:16:22-72
uses-permission#android.permission.READ_SMS
ADDED from src/main/AndroidManifest.xml:17:5-67
	android:name
		ADDED from src/main/AndroidManifest.xml:17:22-64
uses-permission#android.permission.RECEIVE_SMS
ADDED from src/main/AndroidManifest.xml:18:5-70
	android:name
		ADDED from src/main/AndroidManifest.xml:18:22-67
uses-permission#android.permission.READ_EXTERNAL_STORAGE
ADDED from src/main/AndroidManifest.xml:19:5-80
	android:name
		ADDED from src/main/AndroidManifest.xml:19:22-77
uses-permission#android.permission.USE_CREDENTIALS
ADDED from src/main/AndroidManifest.xml:20:5-74
	android:name
		ADDED from src/main/AndroidManifest.xml:20:22-71
uses-permission#com.google.android.providers.gsf.permission.READ_GSERVICES
ADDED from src/main/AndroidManifest.xml:21:5-98
	android:name
		ADDED from src/main/AndroidManifest.xml:21:22-95
uses-permission#com.jayeen.customer.permission.C2D_MESSAGE
ADDED from src/main/AndroidManifest.xml:22:5-82
	android:name
		ADDED from src/main/AndroidManifest.xml:22:22-79
uses-permission#android.permission.CALL_PRIVILEGED
ADDED from src/main/AndroidManifest.xml:23:5-25:47
	tools:ignore
		ADDED from src/main/AndroidManifest.xml:25:9-44
	android:name
		ADDED from src/main/AndroidManifest.xml:24:9-58
uses-permission#com.google.android.c2dm.permission.RECEIVE
ADDED from src/main/AndroidManifest.xml:28:5-82
MERGED from [com.google.android.gms:play-services-gcm:10.0.1] AndroidManifest.xml:20:5-81
MERGED from [com.google.android.gms:play-services-iid:10.0.1] AndroidManifest.xml:20:5-81
	android:name
		ADDED from src/main/AndroidManifest.xml:28:22-79
uses-permission#android.permission.WAKE_LOCK
ADDED from src/main/AndroidManifest.xml:29:5-68
	android:name
		ADDED from src/main/AndroidManifest.xml:29:22-65
uses-feature#0x00020000
ADDED from src/main/AndroidManifest.xml:42:5-44:35
MERGED from [com.google.android.gms:play-services-maps:10.0.1] AndroidManifest.xml:21:5-77
	android:glEsVersion
		ADDED from src/main/AndroidManifest.xml:43:9-41
	android:required
		ADDED from src/main/AndroidManifest.xml:44:9-32
uses-feature#android.hardware.camera
ADDED from src/main/AndroidManifest.xml:45:5-47:36
MERGED from [io.card:android-sdk:5.4.0] AndroidManifest.xml:14:5-16:36
	android:required
		ADDED from src/main/AndroidManifest.xml:47:9-33
	android:name
		ADDED from src/main/AndroidManifest.xml:46:9-47
uses-feature#android.hardware.camera.autofocus
ADDED from src/main/AndroidManifest.xml:48:5-50:36
MERGED from [io.card:android-sdk:5.4.0] AndroidManifest.xml:17:5-19:36
	android:required
		ADDED from src/main/AndroidManifest.xml:50:9-33
	android:name
		ADDED from src/main/AndroidManifest.xml:49:9-57
application
ADDED from src/main/AndroidManifest.xml:52:5-256:19
MERGED from [JayeenTaxi:pinnedlibrary:unspecified] AndroidManifest.xml:11:5-47
MERGED from [JayeenTaxi:countrylist:unspecified] AndroidManifest.xml:11:5-14:19
MERGED from [com.crashlytics.sdk.android:crashlytics:2.6.4] AndroidManifest.xml:11:5-20
MERGED from [com.crashlytics.sdk.android:beta:1.2.2] AndroidManifest.xml:11:5-20
MERGED from [com.crashlytics.sdk.android:crashlytics-core:2.3.13] AndroidManifest.xml:11:5-20
MERGED from [com.crashlytics.sdk.android:answers:1.3.10] AndroidManifest.xml:11:5-20
MERGED from [io.fabric.sdk.android:fabric:1.3.14] AndroidManifest.xml:27:5-20
MERGED from [com.soundcloud.android:android-crop:0.9.10] AndroidManifest.xml:9:5-47
MERGED from [com.stripe:stripe-android:5.0.0] AndroidManifest.xml:11:5-21:19
MERGED from [com.mikhaellopez:circularimageview:3.0.2] AndroidManifest.xml:11:5-13:38
MERGED from [com.facebook.android:facebook-android-sdk:4.31.0] AndroidManifest.xml:28:5-29:19
MERGED from [com.facebook.android:facebook-login:4.31.0] AndroidManifest.xml:28:5-29:19
MERGED from [com.facebook.android:facebook-share:4.31.0] AndroidManifest.xml:28:5-29:19
MERGED from [com.facebook.android:facebook-common:4.31.0] AndroidManifest.xml:28:5-34:19
MERGED from [com.android.support:customtabs:26.0.0-alpha1] AndroidManifest.xml:26:5-20
MERGED from [com.facebook.android:facebook-places:4.31.0] AndroidManifest.xml:28:5-29:19
MERGED from [com.facebook.android:facebook-applinks:4.31.0] AndroidManifest.xml:28:5-29:19
MERGED from [com.facebook.android:facebook-messenger:4.31.0] AndroidManifest.xml:28:5-29:19
MERGED from [com.facebook.android:facebook-core:4.31.0] AndroidManifest.xml:28:5-43:19
MERGED from [com.prolificinteractive:material-calendarview:1.3.0] AndroidManifest.xml:12:5-20
MERGED from [com.google.android.gms:play-services-auth:10.0.1] AndroidManifest.xml:19:5-25:19
MERGED from [com.google.android.gms:play-services-gcm:10.0.1] AndroidManifest.xml:23:5-19
MERGED from [com.google.android.gms:play-services-iid:10.0.1] AndroidManifest.xml:23:5-19
MERGED from [com.google.android.gms:play-services-location:10.0.1] AndroidManifest.xml:4:5-19
MERGED from [com.google.android.gms:play-services-plus:10.0.1] AndroidManifest.xml:18:5-19
MERGED from [com.google.android.gms:play-services-maps:10.0.1] AndroidManifest.xml:24:5-19
MERGED from [com.google.android.gms:play-services-base:10.0.1] AndroidManifest.xml:18:5-20:19
MERGED from [com.google.android.gms:play-services-tasks:10.0.1] AndroidManifest.xml:4:5-19
MERGED from [com.google.android.gms:play-services-basement:10.0.1] AndroidManifest.xml:19:5-21:19
MERGED from [io.card:android-sdk:5.4.0] AndroidManifest.xml:21:5-26:19
MERGED from [com.dev.sacot41:scviewpager:0.0.4] AndroidManifest.xml:11:5-14:19
MERGED from [me.wangyuwei:LoadingiVew:1.0.5] AndroidManifest.xml:12:5-20
MERGED from [com.android.support.constraint:constraint-layout:1.0.1] AndroidManifest.xml:9:5-20
MERGED from [com.braintreepayments.api:drop-in:3.2.1] AndroidManifest.xml:15:5-27:19
MERGED from [com.braintreepayments.api:braintree:2.10.0] AndroidManifest.xml:14:5-24:19
MERGED from [com.android.support:design:26.0.0-alpha1] AndroidManifest.xml:29:5-20
MERGED from [com.android.support:appcompat-v7:26.0.0-alpha1] AndroidManifest.xml:29:5-20
MERGED from [com.android.support:animated-vector-drawable:26.0.0-alpha1] AndroidManifest.xml:26:5-20
MERGED from [com.android.support:support-vector-drawable:26.0.0-alpha1] AndroidManifest.xml:26:5-20
MERGED from [com.android.support:transition:26.0.0-alpha1] AndroidManifest.xml:26:5-20
MERGED from [com.android.support:support-v4:26.0.0-alpha1] AndroidManifest.xml:29:5-20
MERGED from [com.android.support:support-media-compat:26.0.0-alpha1] AndroidManifest.xml:29:5-20
MERGED from [com.android.support:support-fragment:26.0.0-alpha1] AndroidManifest.xml:29:5-20
MERGED from [com.android.support:support-core-ui:26.0.0-alpha1] AndroidManifest.xml:29:5-20
MERGED from [com.android.support:support-core-utils:26.0.0-alpha1] AndroidManifest.xml:29:5-20
MERGED from [com.android.support:support-compat:26.0.0-alpha1] AndroidManifest.xml:29:5-20
MERGED from [com.android.support:cardview-v7:26.0.0-alpha1] AndroidManifest.xml:26:5-20
	android:label
		ADDED from src/main/AndroidManifest.xml:56:9-41
	android:supportsRtl
		ADDED from src/main/AndroidManifest.xml:57:9-35
	tools:ignore
		ADDED from [com.braintreepayments.api:drop-in:3.2.1] AndroidManifest.xml:17:9-39
	android:allowBackup
		ADDED from src/main/AndroidManifest.xml:54:9-35
		REJECTED from [JayeenTaxi:pinnedlibrary:unspecified] AndroidManifest.xml:11:18-44
		REJECTED from [com.soundcloud.android:android-crop:0.9.10] AndroidManifest.xml:9:18-44
		REJECTED from [com.mikhaellopez:circularimageview:3.0.2] AndroidManifest.xml:12:9-35
		REJECTED from [com.dev.sacot41:scviewpager:0.0.4] AndroidManifest.xml:12:9-35
	android:icon
		ADDED from src/main/AndroidManifest.xml:55:9-45
	android:largeHeap
		ADDED from src/main/AndroidManifest.xml:58:9-33
	android:theme
		ADDED from src/main/AndroidManifest.xml:59:9-40
	tools:replace
		ADDED from src/main/AndroidManifest.xml:60:9-44
	android:name
		ADDED from src/main/AndroidManifest.xml:53:9-44
meta-data#com.google.android.gms.version
ADDED from src/main/AndroidManifest.xml:61:9-63:69
MERGED from [com.google.android.gms:play-services-basement:10.0.1] AndroidManifest.xml:20:9-121
	android:value
		ADDED from src/main/AndroidManifest.xml:63:13-66
	android:name
		ADDED from src/main/AndroidManifest.xml:62:13-58
meta-data#com.google.android.maps.v2.API_KEY
ADDED from src/main/AndroidManifest.xml:65:9-67:71
	android:value
		ADDED from src/main/AndroidManifest.xml:67:13-68
	android:name
		ADDED from src/main/AndroidManifest.xml:66:13-62
activity#com.jayeen.customer.Splash
ADDED from src/main/AndroidManifest.xml:69:9-78:20
	android:screenOrientation
		ADDED from src/main/AndroidManifest.xml:71:13-49
	android:theme
		ADDED from src/main/AndroidManifest.xml:72:13-69
	android:name
		ADDED from src/main/AndroidManifest.xml:70:13-35
intent-filter#android.intent.action.MAIN+android.intent.category.LAUNCHER
ADDED from src/main/AndroidManifest.xml:73:13-77:29
category#android.intent.category.LAUNCHER
ADDED from src/main/AndroidManifest.xml:74:17-77
	android:name
		ADDED from src/main/AndroidManifest.xml:74:27-74
action#android.intent.action.MAIN
ADDED from src/main/AndroidManifest.xml:76:17-69
	android:name
		ADDED from src/main/AndroidManifest.xml:76:25-66
activity#com.jayeen.customer.RegisterActivity
ADDED from src/main/AndroidManifest.xml:79:9-82:67
	android:screenOrientation
		ADDED from src/main/AndroidManifest.xml:81:13-49
	android:windowSoftInputMode
		ADDED from src/main/AndroidManifest.xml:82:13-64
	android:name
		ADDED from src/main/AndroidManifest.xml:80:13-45
activity#com.soundcloud.android.crop.CropImageActivity
ADDED from src/main/AndroidManifest.xml:83:9-82
	android:name
		ADDED from src/main/AndroidManifest.xml:83:19-79
activity#com.jayeen.customer.MainDrawerActivity
ADDED from src/main/AndroidManifest.xml:84:9-89:67
	android:screenOrientation
		ADDED from src/main/AndroidManifest.xml:88:13-49
	android:label
		ADDED from src/main/AndroidManifest.xml:86:13-45
	android:windowSoftInputMode
		ADDED from src/main/AndroidManifest.xml:89:13-64
	android:resumeWhilePausing
		ADDED from src/main/AndroidManifest.xml:87:13-46
	android:name
		ADDED from src/main/AndroidManifest.xml:85:13-47
activity#com.facebook.FacebookActivity
ADDED from src/main/AndroidManifest.xml:92:9-97:37
MERGED from [com.facebook.android:facebook-common:4.31.0] AndroidManifest.xml:29:9-32:66
	android:label
		ADDED from src/main/AndroidManifest.xml:95:13-45
	android:configChanges
		ADDED from src/main/AndroidManifest.xml:94:13-96
	android:theme
		ADDED from src/main/AndroidManifest.xml:96:13-72
		REJECTED from [com.facebook.android:facebook-common:4.31.0] AndroidManifest.xml:32:13-63
	tools:replace
		ADDED from src/main/AndroidManifest.xml:97:13-34
	android:name
		ADDED from src/main/AndroidManifest.xml:93:13-57
provider#com.facebook.FacebookContentProvider
ADDED from src/main/AndroidManifest.xml:99:9-102:39
	android:authorities
		ADDED from src/main/AndroidManifest.xml:101:13-90
	android:exported
		ADDED from src/main/AndroidManifest.xml:102:13-36
	android:name
		ADDED from src/main/AndroidManifest.xml:100:13-64
meta-data#com.facebook.sdk.ApplicationId
ADDED from src/main/AndroidManifest.xml:104:9-106:55
	android:value
		ADDED from src/main/AndroidManifest.xml:106:13-52
	android:name
		ADDED from src/main/AndroidManifest.xml:105:13-58
activity#io.card.payment.CardIOActivity
ADDED from src/main/AndroidManifest.xml:110:9-112:66
MERGED from [io.card:android-sdk:5.4.0] AndroidManifest.xml:22:9-24:66
	android:configChanges
		ADDED from src/main/AndroidManifest.xml:112:13-63
	android:name
		ADDED from src/main/AndroidManifest.xml:111:13-58
activity#io.card.payment.DataEntryActivity
ADDED from src/main/AndroidManifest.xml:113:9-115:52
MERGED from [io.card:android-sdk:5.4.0] AndroidManifest.xml:25:9-70
	android:screenOrientation
		ADDED from src/main/AndroidManifest.xml:115:13-49
	android:name
		ADDED from src/main/AndroidManifest.xml:114:13-61
receiver#com.google.android.gms.gcm.GcmReceiver
ADDED from src/main/AndroidManifest.xml:118:9-127:20
	android:exported
		ADDED from src/main/AndroidManifest.xml:120:13-36
	android:permission
		ADDED from src/main/AndroidManifest.xml:121:13-73
	android:name
		ADDED from src/main/AndroidManifest.xml:119:13-66
intent-filter#com.google.android.c2dm.intent.RECEIVE+com.jayeen.customer
ADDED from src/main/AndroidManifest.xml:122:13-126:29
action#com.google.android.c2dm.intent.RECEIVE
ADDED from src/main/AndroidManifest.xml:123:17-81
	android:name
		ADDED from src/main/AndroidManifest.xml:123:25-78
category#com.jayeen.customer
ADDED from src/main/AndroidManifest.xml:125:17-64
	android:name
		ADDED from src/main/AndroidManifest.xml:125:27-61
service#com.jayeen.customer.gcm.MyGcmListenerService
ADDED from src/main/AndroidManifest.xml:132:9-138:19
	android:exported
		ADDED from src/main/AndroidManifest.xml:134:13-37
	android:name
		ADDED from src/main/AndroidManifest.xml:133:13-53
intent-filter#com.google.android.c2dm.intent.RECEIVE
ADDED from src/main/AndroidManifest.xml:135:13-137:29
service#com.jayeen.customer.gcm.MyInstanceIDListenerService
ADDED from src/main/AndroidManifest.xml:141:9-147:19
	android:exported
		ADDED from src/main/AndroidManifest.xml:143:13-37
	android:name
		ADDED from src/main/AndroidManifest.xml:142:13-60
intent-filter#com.google.android.gms.iid.InstanceID
ADDED from src/main/AndroidManifest.xml:144:13-146:29
action#com.google.android.gms.iid.InstanceID
ADDED from src/main/AndroidManifest.xml:145:17-80
	android:name
		ADDED from src/main/AndroidManifest.xml:145:25-77
service#com.jayeen.customer.gcm.GCMIntentService
ADDED from src/main/AndroidManifest.xml:149:9-151:40
	android:exported
		ADDED from src/main/AndroidManifest.xml:151:13-37
	android:name
		ADDED from src/main/AndroidManifest.xml:150:13-49
activity#com.jayeen.customer.ProfileActivity
ADDED from src/main/AndroidManifest.xml:159:9-162:67
	android:screenOrientation
		ADDED from src/main/AndroidManifest.xml:161:13-49
	android:windowSoftInputMode
		ADDED from src/main/AndroidManifest.xml:162:13-64
	android:name
		ADDED from src/main/AndroidManifest.xml:160:13-44
activity#com.jayeen.customer.MenuDescActivity
ADDED from src/main/AndroidManifest.xml:163:9-166:57
	android:screenOrientation
		ADDED from src/main/AndroidManifest.xml:165:13-49
	android:windowSoftInputMode
		ADDED from src/main/AndroidManifest.xml:166:13-54
	android:name
		ADDED from src/main/AndroidManifest.xml:164:13-45
activity#com.jayeen.customer.UberViewPaymentActivity
ADDED from src/main/AndroidManifest.xml:167:9-170:57
	android:screenOrientation
		ADDED from src/main/AndroidManifest.xml:169:13-49
	android:windowSoftInputMode
		ADDED from src/main/AndroidManifest.xml:170:13-54
	android:name
		ADDED from src/main/AndroidManifest.xml:168:13-52
activity#com.jayeen.customer.UberWalletActivity
ADDED from src/main/AndroidManifest.xml:171:6-174:57
	android:screenOrientation
		ADDED from src/main/AndroidManifest.xml:173:13-49
	android:windowSoftInputMode
		ADDED from src/main/AndroidManifest.xml:174:13-54
	android:name
		ADDED from src/main/AndroidManifest.xml:172:13-47
activity#com.jayeen.customer.HistoryActivityNew
ADDED from src/main/AndroidManifest.xml:175:9-179:75
	android:screenOrientation
		ADDED from src/main/AndroidManifest.xml:178:13-49
	android:windowSoftInputMode
		ADDED from src/main/AndroidManifest.xml:179:13-72
	android:resumeWhilePausing
		ADDED from src/main/AndroidManifest.xml:177:13-46
	android:name
		ADDED from src/main/AndroidManifest.xml:176:13-47
activity#com.jayeen.customer.ScheduleListActivity
ADDED from src/main/AndroidManifest.xml:180:9-184:75
	android:screenOrientation
		ADDED from src/main/AndroidManifest.xml:183:13-49
	android:windowSoftInputMode
		ADDED from src/main/AndroidManifest.xml:184:13-72
	android:resumeWhilePausing
		ADDED from src/main/AndroidManifest.xml:182:13-46
	android:name
		ADDED from src/main/AndroidManifest.xml:181:13-49
activity#com.jayeen.customer.MainActivity
ADDED from src/main/AndroidManifest.xml:185:9-195:20
	android:screenOrientation
		ADDED from src/main/AndroidManifest.xml:188:13-49
	android:resumeWhilePausing
		ADDED from src/main/AndroidManifest.xml:187:13-46
	android:theme
		ADDED from src/main/AndroidManifest.xml:189:13-43
	android:name
		ADDED from src/main/AndroidManifest.xml:186:13-41
intent-filter#android.intent.action.MAIN+android.intent.category.DEFAULT
ADDED from src/main/AndroidManifest.xml:190:13-194:29
category#android.intent.category.DEFAULT
ADDED from src/main/AndroidManifest.xml:191:17-76
	android:name
		ADDED from src/main/AndroidManifest.xml:191:27-73
meta-data#io.fabric.ApiKey
ADDED from src/main/AndroidManifest.xml:214:9-216:72
	android:value
		ADDED from src/main/AndroidManifest.xml:216:13-69
	android:name
		ADDED from src/main/AndroidManifest.xml:215:13-44
receiver#com.jayeen.customer.parse.OtpReciver
ADDED from src/main/AndroidManifest.xml:243:9-247:20
	android:name
		ADDED from src/main/AndroidManifest.xml:243:19-51
intent-filter#android.provider.Telephony.SMS_RECEIVED
ADDED from src/main/AndroidManifest.xml:244:13-246:29
action#android.provider.Telephony.SMS_RECEIVED
ADDED from src/main/AndroidManifest.xml:245:17-82
	android:name
		ADDED from src/main/AndroidManifest.xml:245:25-79
activity#com.jayeen.customer.SettingActivity
ADDED from src/main/AndroidManifest.xml:249:9-254:75
	android:screenOrientation
		ADDED from src/main/AndroidManifest.xml:253:13-49
	android:label
		ADDED from src/main/AndroidManifest.xml:251:13-59
	android:windowSoftInputMode
		ADDED from src/main/AndroidManifest.xml:254:13-72
	android:resumeWhilePausing
		ADDED from src/main/AndroidManifest.xml:252:13-46
	android:name
		ADDED from src/main/AndroidManifest.xml:250:13-44
uses-sdk
INJECTED from src/main/AndroidManifest.xml reason: use-sdk injection requested
MERGED from [com.android.support:multidex:1.0.1] AndroidManifest.xml:18:5-42
MERGED from [JayeenTaxi:pinnedlibrary:unspecified] AndroidManifest.xml:7:5-9:41
MERGED from [JayeenTaxi:countrylist:unspecified] AndroidManifest.xml:7:5-9:41
MERGED from [com.crashlytics.sdk.android:crashlytics:2.6.4] AndroidManifest.xml:7:5-43
MERGED from [com.crashlytics.sdk.android:beta:1.2.2] AndroidManifest.xml:7:5-43
MERGED from [com.crashlytics.sdk.android:crashlytics-core:2.3.13] AndroidManifest.xml:7:5-43
MERGED from [com.crashlytics.sdk.android:answers:1.3.10] AndroidManifest.xml:7:5-43
MERGED from [io.fabric.sdk.android:fabric:1.3.14] AndroidManifest.xml:23:5-43
MERGED from [com.soundcloud.android:android-crop:0.9.10] AndroidManifest.xml:5:5-7:41
MERGED from [com.stripe:stripe-android:5.0.0] AndroidManifest.xml:7:5-9:41
MERGED from [com.mikhaellopez:circularimageview:3.0.2] AndroidManifest.xml:7:5-9:41
MERGED from [com.facebook.android:facebook-android-sdk:4.31.0] AndroidManifest.xml:24:5-26:41
MERGED from [com.facebook.android:facebook-login:4.31.0] AndroidManifest.xml:24:5-26:41
MERGED from [com.facebook.android:facebook-share:4.31.0] AndroidManifest.xml:24:5-26:41
MERGED from [com.facebook.android:facebook-common:4.31.0] AndroidManifest.xml:24:5-26:41
MERGED from [com.android.support:customtabs:26.0.0-alpha1] AndroidManifest.xml:20:5-44
MERGED from [com.facebook.android:facebook-places:4.31.0] AndroidManifest.xml:24:5-26:41
MERGED from [com.facebook.android:facebook-applinks:4.31.0] AndroidManifest.xml:24:5-26:41
MERGED from [com.facebook.android:facebook-messenger:4.31.0] AndroidManifest.xml:24:5-26:41
MERGED from [com.facebook.android:facebook-core:4.31.0] AndroidManifest.xml:24:5-26:41
MERGED from [com.github.flavienlaurent.datetimepicker:library:0.0.2] AndroidManifest.xml:3:5-72
MERGED from [com.prolificinteractive:material-calendarview:1.3.0] AndroidManifest.xml:8:5-10:41
MERGED from [com.google.android.gms:play-services-auth:10.0.1] AndroidManifest.xml:17:5-42
MERGED from [com.google.android.gms:play-services-auth-base:10.0.1] AndroidManifest.xml:4:5-42
MERGED from [com.google.android.gms:play-services-gcm:10.0.1] AndroidManifest.xml:17:5-42
MERGED from [com.google.android.gms:play-services-iid:10.0.1] AndroidManifest.xml:17:5-42
MERGED from [com.google.android.gms:play-services-location:10.0.1] AndroidManifest.xml:3:5-42
MERGED from [com.google.android.gms:play-services-plus:10.0.1] AndroidManifest.xml:17:5-42
MERGED from [com.google.android.gms:play-services-maps:10.0.1] AndroidManifest.xml:23:5-42
MERGED from [com.google.android.gms:play-services-base:10.0.1] AndroidManifest.xml:17:5-42
MERGED from [com.google.android.gms:play-services-tasks:10.0.1] AndroidManifest.xml:3:5-42
MERGED from [com.google.android.gms:play-services-basement:10.0.1] AndroidManifest.xml:17:5-42
MERGED from [io.card:android-sdk:5.4.0] AndroidManifest.xml:7:5-9:41
MERGED from [com.dev.sacot41:scviewpager:0.0.4] AndroidManifest.xml:7:5-9:41
MERGED from [me.wangyuwei:LoadingiVew:1.0.5] AndroidManifest.xml:8:5-10:41
MERGED from [io.reactivex:rxandroid:1.2.0] AndroidManifest.xml:19:5-43
MERGED from [com.android.support.constraint:constraint-layout:1.0.1] AndroidManifest.xml:5:5-7:41
MERGED from [com.braintreepayments.api:drop-in:3.2.1] AndroidManifest.xml:8:5-10:41
MERGED from [com.braintreepayments.api:braintree:2.10.0] AndroidManifest.xml:7:5-9:41
MERGED from [com.paypal.android.sdk:paypal-one-touch:2.10.0] AndroidManifest.xml:7:5-9:41
MERGED from [com.braintreepayments.api:core:2.10.0] AndroidManifest.xml:7:5-9:41
MERGED from [com.braintreepayments:browser-switch:0.1.4] AndroidManifest.xml:8:5-10:41
MERGED from [com.braintreepayments:card-form:3.1.1] AndroidManifest.xml:8:5-10:41
MERGED from [com.android.support:design:26.0.0-alpha1] AndroidManifest.xml:21:5-23:62
MERGED from [com.android.support:appcompat-v7:26.0.0-alpha1] AndroidManifest.xml:21:5-23:78
MERGED from [com.android.support:animated-vector-drawable:26.0.0-alpha1] AndroidManifest.xml:20:5-44
MERGED from [com.android.support:support-vector-drawable:26.0.0-alpha1] AndroidManifest.xml:20:5-44
MERGED from [com.android.support:recyclerview-v7:26.0.0-alpha1] AndroidManifest.xml:20:5-44
MERGED from [com.android.support:transition:26.0.0-alpha1] AndroidManifest.xml:20:5-44
MERGED from [com.android.support:support-v4:26.0.0-alpha1] AndroidManifest.xml:21:5-23:54
MERGED from [com.android.support:support-media-compat:26.0.0-alpha1] AndroidManifest.xml:21:5-23:63
MERGED from [com.android.support:support-fragment:26.0.0-alpha1] AndroidManifest.xml:21:5-23:60
MERGED from [com.android.support:support-core-ui:26.0.0-alpha1] AndroidManifest.xml:21:5-23:58
MERGED from [com.android.support:support-core-utils:26.0.0-alpha1] AndroidManifest.xml:21:5-23:61
MERGED from [com.android.support:support-compat:26.0.0-alpha1] AndroidManifest.xml:21:5-23:58
MERGED from [com.android.support:cardview-v7:26.0.0-alpha1] AndroidManifest.xml:20:5-44
	tools:overrideLibrary
		ADDED from [com.android.support:design:26.0.0-alpha1] AndroidManifest.xml:23:9-59
	android:targetSdkVersion
		INJECTED from src/main/AndroidManifest.xml
		INJECTED from src/main/AndroidManifest.xml
	android:minSdkVersion
		INJECTED from src/main/AndroidManifest.xml
		INJECTED from src/main/AndroidManifest.xml
activity#com.stripe.android.view.AddSourceActivity
ADDED from [com.stripe:stripe-android:5.0.0] AndroidManifest.xml:12:9-16:20
	android:windowSoftInputMode
		ADDED from [com.stripe:stripe-android:5.0.0] AndroidManifest.xml:15:13-55
	android:theme
		ADDED from [com.stripe:stripe-android:5.0.0] AndroidManifest.xml:14:13-54
	android:name
		ADDED from [com.stripe:stripe-android:5.0.0] AndroidManifest.xml:13:13-69
activity#com.stripe.android.view.PaymentMethodsActivity
ADDED from [com.stripe:stripe-android:5.0.0] AndroidManifest.xml:17:9-20:20
	android:theme
		ADDED from [com.stripe:stripe-android:5.0.0] AndroidManifest.xml:19:13-54
	android:name
		ADDED from [com.stripe:stripe-android:5.0.0] AndroidManifest.xml:18:13-74
activity#com.facebook.CustomTabMainActivity
ADDED from [com.facebook.android:facebook-common:4.31.0] AndroidManifest.xml:33:9-71
	android:name
		ADDED from [com.facebook.android:facebook-common:4.31.0] AndroidManifest.xml:33:19-68
meta-data#android.support.VERSION
ADDED from [com.android.support:customtabs:26.0.0-alpha1] AndroidManifest.xml:22:5-24:41
MERGED from [com.android.support:design:26.0.0-alpha1] AndroidManifest.xml:25:5-27:41
MERGED from [com.android.support:appcompat-v7:26.0.0-alpha1] AndroidManifest.xml:25:5-27:41
MERGED from [com.android.support:animated-vector-drawable:26.0.0-alpha1] AndroidManifest.xml:22:5-24:41
MERGED from [com.android.support:support-vector-drawable:26.0.0-alpha1] AndroidManifest.xml:22:5-24:41
MERGED from [com.android.support:recyclerview-v7:26.0.0-alpha1] AndroidManifest.xml:22:5-24:41
MERGED from [com.android.support:transition:26.0.0-alpha1] AndroidManifest.xml:22:5-24:41
MERGED from [com.android.support:support-v4:26.0.0-alpha1] AndroidManifest.xml:25:5-27:41
MERGED from [com.android.support:support-media-compat:26.0.0-alpha1] AndroidManifest.xml:25:5-27:41
MERGED from [com.android.support:support-fragment:26.0.0-alpha1] AndroidManifest.xml:25:5-27:41
MERGED from [com.android.support:support-core-ui:26.0.0-alpha1] AndroidManifest.xml:25:5-27:41
MERGED from [com.android.support:support-core-utils:26.0.0-alpha1] AndroidManifest.xml:25:5-27:41
MERGED from [com.android.support:support-compat:26.0.0-alpha1] AndroidManifest.xml:25:5-27:41
MERGED from [com.android.support:cardview-v7:26.0.0-alpha1] AndroidManifest.xml:22:5-24:41
	android:value
		ADDED from [com.android.support:customtabs:26.0.0-alpha1] AndroidManifest.xml:24:9-38
	android:name
		ADDED from [com.android.support:customtabs:26.0.0-alpha1] AndroidManifest.xml:23:9-47
provider#com.facebook.internal.FacebookInitProvider
ADDED from [com.facebook.android:facebook-core:4.31.0] AndroidManifest.xml:39:9-42:40
	android:authorities
		ADDED from [com.facebook.android:facebook-core:4.31.0] AndroidManifest.xml:41:13-72
	android:exported
		ADDED from [com.facebook.android:facebook-core:4.31.0] AndroidManifest.xml:42:13-37
	android:name
		ADDED from [com.facebook.android:facebook-core:4.31.0] AndroidManifest.xml:40:13-70
activity#com.google.android.gms.auth.api.signin.internal.SignInHubActivity
ADDED from [com.google.android.gms:play-services-auth:10.0.1] AndroidManifest.xml:20:9-189
	android:excludeFromRecents
		ADDED from [com.google.android.gms:play-services-auth:10.0.1] AndroidManifest.xml:20:129-162
	android:exported